{"level":"info","message":"hello from logger","service":"acquisitions-api"}
{"level":"info","message":"::1 - - [18/Sep/2025:09:15:28 +0000] \"GET / HTTP/1.1\" 500 1325 \"-\" \"Mozilla/5.0 (Macintosh; Intel Mac OS X 10_15_7) AppleWebKit/537.36 (KHTML, like Gecko) Chrome/140.0.0.0 Safari/537.36\"","service":"acquisitions-api"}
{"level":"info","message":"hello from logger","service":"acquisitions-api"}
{"level":"info","message":"::1 - - [18/Sep/2025:09:15:51 +0000] \"GET / HTTP/1.1\" 200 23 \"-\" \"Mozilla/5.0 (Macintosh; Intel Mac OS X 10_15_7) AppleWebKit/537.36 (KHTML, like Gecko) Chrome/140.0.0.0 Safari/537.36\"","service":"acquisitions-api"}
{"level":"info","message":"::1 - - [18/Sep/2025:09:15:51 +0000] \"GET /favicon.ico HTTP/1.1\" 404 150 \"-\" \"Mozilla/5.0 (Macintosh; Intel Mac OS X 10_15_7) AppleWebKit/537.36 (KHTML, like Gecko) Chrome/140.0.0.0 Safari/537.36\"","service":"acquisitions-api"}
{"level":"info","message":"::1 - - [18/Sep/2025:09:38:07 +0000] \"GET /api/ HTTP/1.1\" 200 31 \"-\" \"Mozilla/5.0 (Macintosh; Intel Mac OS X 10_15_7) AppleWebKit/537.36 (KHTML, like Gecko) Chrome/140.0.0.0 Safari/537.36\"","service":"acquisitions-api"}
{"level":"info","message":"::1 - - [18/Sep/2025:09:39:13 +0000] \"GET /health/ HTTP/1.1\" 200 76 \"-\" \"Mozilla/5.0 (Macintosh; Intel Mac OS X 10_15_7) AppleWebKit/537.36 (KHTML, like Gecko) Chrome/140.0.0.0 Safari/537.36\"","service":"acquisitions-api"}
{"level":"info","message":"::1 - - [18/Sep/2025:10:17:09 +0000] \"POST /api/auth HTTP/1.1\" 404 148 \"-\" \"PostmanRuntime/7.46.1\"","service":"acquisitions-api"}
{"level":"error","message":"Signup error signupSchema is not defined","service":"acquisitions-api","stack":"ReferenceError: signupSchema is not defined\n    at signup (file:///Users/shahid.mulani/Desktop/devops/acquisitions/src/controllers/auth.controller.js:6:30)\n    at Layer.handleRequest (/Users/shahid.mulani/Desktop/devops/acquisitions/node_modules/router/lib/layer.js:152:17)\n    at next (/Users/shahid.mulani/Desktop/devops/acquisitions/node_modules/router/lib/route.js:157:13)\n    at Route.dispatch (/Users/shahid.mulani/Desktop/devops/acquisitions/node_modules/router/lib/route.js:117:3)\n    at handle (/Users/shahid.mulani/Desktop/devops/acquisitions/node_modules/router/index.js:435:11)\n    at Layer.handleRequest (/Users/shahid.mulani/Desktop/devops/acquisitions/node_modules/router/lib/layer.js:152:17)\n    at /Users/shahid.mulani/Desktop/devops/acquisitions/node_modules/router/index.js:295:15\n    at processParams (/Users/shahid.mulani/Desktop/devops/acquisitions/node_modules/router/index.js:582:12)\n    at next (/Users/shahid.mulani/Desktop/devops/acquisitions/node_modules/router/index.js:291:5)\n    at Function.handle (/Users/shahid.mulani/Desktop/devops/acquisitions/node_modules/router/index.js:186:3)"}
{"level":"info","message":"::1 - - [18/Sep/2025:10:17:17 +0000] \"POST /api/auth/sign-up HTTP/1.1\" 500 1371 \"-\" \"PostmanRuntime/7.46.1\"","service":"acquisitions-api"}
{"level":"info","message":"::1 - - [18/Sep/2025:10:19:39 +0000] \"POST /api/auth/sign-up HTTP/1.1\" 400 92 \"-\" \"PostmanRuntime/7.46.1\"","service":"acquisitions-api"}
{"level":"info","message":"::1 - - [18/Sep/2025:11:16:25 +0000] \"GET /api/auth HTTP/1.1\" 404 147 \"-\" \"Mozilla/5.0 (Macintosh; Intel Mac OS X 10_15_7) AppleWebKit/537.36 (KHTML, like Gecko) Chrome/140.0.0.0 Safari/537.36\"","service":"acquisitions-api"}
{"level":"info","message":"::1 - - [18/Sep/2025:12:06:44 +0000] \"POST /api/auth/sign-up HTTP/1.1\" 400 92 \"-\" \"PostmanRuntime/7.46.1\"","service":"acquisitions-api"}
{"level":"info","message":"::1 - - [18/Sep/2025:12:08:19 +0000] \"POST /api/auth/sign-up HTTP/1.1\" 400 91 \"-\" \"PostmanRuntime/7.46.1\"","service":"acquisitions-api"}
{"level":"info","message":"User registered successfully: test@mail.com","service":"acquisitions-api"}
{"level":"info","message":"::1 - - [18/Sep/2025:12:08:28 +0000] \"POST /api/auth/sign-up HTTP/1.1\" 201 97 \"-\" \"PostmanRuntime/7.46.1\"","service":"acquisitions-api"}
{"level":"info","message":"::1 - - [18/Sep/2025:12:51:25 +0000] \"GET /api/auth HTTP/1.1\" 404 147 \"-\" \"Mozilla/5.0 (Macintosh; Intel Mac OS X 10_15_7) AppleWebKit/537.36 (KHTML, like Gecko) Chrome/140.0.0.0 Safari/537.36\"","service":"acquisitions-api"}
{"level":"info","message":"User newtest@mail.com created successfully","service":"acquisitions-api"}
{"level":"error","message":"Signup error res.cookies is not a function","service":"acquisitions-api","stack":"TypeError: res.cookies is not a function\n    at Object.set (file:///Users/shahid.mulani/Desktop/devops/acquisitions/src/utils/cookies.js:9:9)\n    at signup (file:///Users/shahid.mulani/Desktop/devops/acquisitions/src/controllers/auth.controller.js:25:13)\n    at process.processTicksAndRejections (node:internal/process/task_queues:95:5)"}
{"level":"info","message":"::1 - - [19/Sep/2025:03:38:53 +0000] \"POST /api/auth/sign-up HTTP/1.1\" 500 502 \"-\" \"PostmanRuntime/7.46.1\"","service":"acquisitions-api"}
{"level":"error","message":"Error creating the user: Error: Failed query: insert into \"users\" (\"id\", \"name\", \"email\", \"password\", \"role\", \"created_at\", \"updated_at\") values (default, $1, $2, $3, $4, default, default) returning \"id\", \"name\", \"email\", \"role\", \"created_at\"\nparams: newtest,newtest@mail.com,$2b$10$B47DdJGCofPjXmKe9YFMj.menUJimAFrJPO9jeprrdRVJuAGw9V7y,user","service":"acquisitions-api"}
{"cause":{"code":"23505","constraint":"users_email_unique","detail":"Key (email)=(newtest@mail.com) already exists.","file":"nbtinsert.c","line":"666","name":"NeonDbError","routine":"_bt_check_unique","schema":"public","severity":"ERROR","table":"users"},"level":"error","message":"Signup error Failed query: insert into \"users\" (\"id\", \"name\", \"email\", \"password\", \"role\", \"created_at\", \"updated_at\") values (default, $1, $2, $3, $4, default, default) returning \"id\", \"name\", \"email\", \"role\", \"created_at\"\nparams: newtest,newtest@mail.com,$2b$10$B47DdJGCofPjXmKe9YFMj.menUJimAFrJPO9jeprrdRVJuAGw9V7y,user","params":["newtest","newtest@mail.com","$2b$10$B47DdJGCofPjXmKe9YFMj.menUJimAFrJPO9jeprrdRVJuAGw9V7y","user"],"query":"insert into \"users\" (\"id\", \"name\", \"email\", \"password\", \"role\", \"created_at\", \"updated_at\") values (default, $1, $2, $3, $4, default, default) returning \"id\", \"name\", \"email\", \"role\", \"created_at\"","service":"acquisitions-api","stack":"Error: Failed query: insert into \"users\" (\"id\", \"name\", \"email\", \"password\", \"role\", \"created_at\", \"updated_at\") values (default, $1, $2, $3, $4, default, default) returning \"id\", \"name\", \"email\", \"role\", \"created_at\"\nparams: newtest,newtest@mail.com,$2b$10$B47DdJGCofPjXmKe9YFMj.menUJimAFrJPO9jeprrdRVJuAGw9V7y,user\n    at NeonHttpPreparedQuery.queryWithCache (file:///Users/shahid.mulani/Desktop/devops/acquisitions/node_modules/drizzle-orm/pg-core/session.js:41:15)\n    at process.processTicksAndRejections (node:internal/process/task_queues:95:5)\n    at async NeonHttpPreparedQuery.execute (file:///Users/shahid.mulani/Desktop/devops/acquisitions/node_modules/drizzle-orm/neon-http/session.js:45:20)\n    at async createUser (file:///Users/shahid.mulani/Desktop/devops/acquisitions/src/services/auth.service.js:28:23)\n    at async signup (file:///Users/shahid.mulani/Desktop/devops/acquisitions/src/controllers/auth.controller.js:21:18)"}
{"level":"info","message":"::1 - - [19/Sep/2025:03:40:38 +0000] \"POST /api/auth/sign-up HTTP/1.1\" 500 1264 \"-\" \"PostmanRuntime/7.46.1\"","service":"acquisitions-api"}
{"level":"error","message":"Error creating the user: Error: Failed query: insert into \"users\" (\"id\", \"name\", \"email\", \"password\", \"role\", \"created_at\", \"updated_at\") values (default, $1, $2, $3, $4, default, default) returning \"id\", \"name\", \"email\", \"role\", \"created_at\"\nparams: newtest,newtest@mail.com,$2b$10$eo5e5pyoWgAv5W1e3NLyCOjNd0jipMn2NYiLspJqhlJB4PRSdHcQu,user","service":"acquisitions-api"}
{"cause":{"code":"23505","constraint":"users_email_unique","detail":"Key (email)=(newtest@mail.com) already exists.","file":"nbtinsert.c","line":"666","name":"NeonDbError","routine":"_bt_check_unique","schema":"public","severity":"ERROR","table":"users"},"level":"error","message":"Signup error Failed query: insert into \"users\" (\"id\", \"name\", \"email\", \"password\", \"role\", \"created_at\", \"updated_at\") values (default, $1, $2, $3, $4, default, default) returning \"id\", \"name\", \"email\", \"role\", \"created_at\"\nparams: newtest,newtest@mail.com,$2b$10$eo5e5pyoWgAv5W1e3NLyCOjNd0jipMn2NYiLspJqhlJB4PRSdHcQu,user","params":["newtest","newtest@mail.com","$2b$10$eo5e5pyoWgAv5W1e3NLyCOjNd0jipMn2NYiLspJqhlJB4PRSdHcQu","user"],"query":"insert into \"users\" (\"id\", \"name\", \"email\", \"password\", \"role\", \"created_at\", \"updated_at\") values (default, $1, $2, $3, $4, default, default) returning \"id\", \"name\", \"email\", \"role\", \"created_at\"","service":"acquisitions-api","stack":"Error: Failed query: insert into \"users\" (\"id\", \"name\", \"email\", \"password\", \"role\", \"created_at\", \"updated_at\") values (default, $1, $2, $3, $4, default, default) returning \"id\", \"name\", \"email\", \"role\", \"created_at\"\nparams: newtest,newtest@mail.com,$2b$10$eo5e5pyoWgAv5W1e3NLyCOjNd0jipMn2NYiLspJqhlJB4PRSdHcQu,user\n    at NeonHttpPreparedQuery.queryWithCache (file:///Users/shahid.mulani/Desktop/devops/acquisitions/node_modules/drizzle-orm/pg-core/session.js:41:15)\n    at process.processTicksAndRejections (node:internal/process/task_queues:95:5)\n    at async NeonHttpPreparedQuery.execute (file:///Users/shahid.mulani/Desktop/devops/acquisitions/node_modules/drizzle-orm/neon-http/session.js:45:20)\n    at async createUser (file:///Users/shahid.mulani/Desktop/devops/acquisitions/src/services/auth.service.js:28:23)\n    at async signup (file:///Users/shahid.mulani/Desktop/devops/acquisitions/src/controllers/auth.controller.js:21:18)"}
{"level":"info","message":"::1 - - [19/Sep/2025:03:43:50 +0000] \"POST /api/auth/sign-up HTTP/1.1\" 500 1264 \"-\" \"PostmanRuntime/7.46.1\"","service":"acquisitions-api"}
{"level":"info","message":"::1 - - [19/Sep/2025:05:19:46 +0000] \"GET /health HTTP/1.1\" 200 75 \"-\" \"curl/8.7.1\"","service":"acquisitions-api"}
{"level":"info","message":"User john@example.com created successfully","service":"acquisitions-api"}
{"level":"info","message":"User registered successfully: john@example.com","service":"acquisitions-api"}
{"level":"info","message":"::1 - - [19/Sep/2025:05:19:56 +0000] \"POST /api/auth/sign-up HTTP/1.1\" 201 104 \"-\" \"curl/8.7.1\"","service":"acquisitions-api"}
{"level":"info","message":"User john@example.com authenticated successfully","service":"acquisitions-api"}
{"level":"info","message":"User signed in successfully: john@example.com","service":"acquisitions-api"}
{"level":"info","message":"::1 - - [19/Sep/2025:05:20:07 +0000] \"POST /api/auth/sign-in HTTP/1.1\" 200 116 \"-\" \"curl/8.7.1\"","service":"acquisitions-api"}
{"level":"info","message":"User signed out successfully","service":"acquisitions-api"}
{"level":"info","message":"::1 - - [19/Sep/2025:05:20:16 +0000] \"POST /api/auth/sign-out HTTP/1.1\" 200 42 \"-\" \"curl/8.7.1\"","service":"acquisitions-api"}
{"level":"error","message":"Error authenticating user: Error: User not found","service":"acquisitions-api"}
{"level":"error","message":"Signin error User not found","service":"acquisitions-api","stack":"Error: User not found\n    at authenticateUser (file:///Users/shahid.mulani/Desktop/devops/acquisitions/src/services/auth.service.js:34:13)\n    at process.processTicksAndRejections (node:internal/process/task_queues:95:5)\n    at async signin (file:///Users/shahid.mulani/Desktop/devops/acquisitions/src/controllers/auth.controller.js:62:18)"}
{"level":"info","message":"::1 - - [19/Sep/2025:05:20:28 +0000] \"POST /api/auth/sign-in HTTP/1.1\" 404 26 \"-\" \"curl/8.7.1\"","service":"acquisitions-api"}
{"level":"error","message":"Error authenticating user: Error: Invalid password","service":"acquisitions-api"}
{"level":"error","message":"Signin error Invalid password","service":"acquisitions-api","stack":"Error: Invalid password\n    at authenticateUser (file:///Users/shahid.mulani/Desktop/devops/acquisitions/src/services/auth.service.js:40:13)\n    at async signin (file:///Users/shahid.mulani/Desktop/devops/acquisitions/src/controllers/auth.controller.js:62:18)"}
{"level":"info","message":"::1 - - [19/Sep/2025:05:20:39 +0000] \"POST /api/auth/sign-in HTTP/1.1\" 401 31 \"-\" \"curl/8.7.1\"","service":"acquisitions-api"}
{"ip":"::1","level":"warn","message":"Bot request blocked","path":"/healthz","service":"acquisitions-api","userAgent":"PostmanRuntime/7.46.1"}
{"level":"info","message":"::1 - - [19/Sep/2025:09:16:13 +0000] \"GET /healthz HTTP/1.1\" 403 68 \"-\" \"PostmanRuntime/7.46.1\"","service":"acquisitions-api"}
{"ip":"::1","level":"warn","message":"Bot request blocked","path":"/health","service":"acquisitions-api","userAgent":"PostmanRuntime/7.46.1"}
{"level":"info","message":"::1 - - [19/Sep/2025:09:16:42 +0000] \"GET /health HTTP/1.1\" 403 68 \"-\" \"PostmanRuntime/7.46.1\"","service":"acquisitions-api"}
{"ip":"::1","level":"warn","message":"Bot request blocked","path":"/health","service":"acquisitions-api","userAgent":"PostmanRuntime/7.46.1"}
{"level":"info","message":"::1 - - [19/Sep/2025:09:16:45 +0000] \"GET /health HTTP/1.1\" 403 68 \"-\" \"PostmanRuntime/7.46.1\"","service":"acquisitions-api"}
{"ip":"::1","level":"warn","message":"Bot request blocked","path":"/health","service":"acquisitions-api","userAgent":"PostmanRuntime/7.46.1"}
{"level":"info","message":"::1 - - [19/Sep/2025:09:16:54 +0000] \"POST /health HTTP/1.1\" 403 68 \"-\" \"PostmanRuntime/7.46.1\"","service":"acquisitions-api"}
